2012-03-24 17:32:48 Error: [MissingControllerException] Controller class HomeController could not be found.
#0 D:\xampp\dev\baseline_cake\app\webroot\index.php(96): Dispatcher->dispatch(Object(CakeRequest), Object(CakeResponse))
#1 {main}
2012-03-24 17:35:29 Error: [MissingActionException] Action PagesController::index() could not be found.
#0 D:\xampp\dev\baseline_cake\lib\Cake\Routing\Dispatcher.php(103): Controller->invokeAction(Object(CakeRequest))
#1 D:\xampp\dev\baseline_cake\lib\Cake\Routing\Dispatcher.php(85): Dispatcher->_invoke(Object(PagesController), Object(CakeRequest), Object(CakeResponse))
#2 D:\xampp\dev\baseline_cake\app\webroot\index.php(96): Dispatcher->dispatch(Object(CakeRequest), Object(CakeResponse))
#3 {main}
2012-03-24 17:52:08 Error: [MissingViewException] View file "D:\xampp\dev\baseline_cake\app\View\Pages\index.ctp" is missing.
#0 D:\xampp\dev\baseline_cake\lib\Cake\View\View.php(460): View->_getViewFileName(NULL)
#1 D:\xampp\dev\baseline_cake\lib\Cake\Controller\Controller.php(962): View->render(NULL, NULL)
#2 D:\xampp\dev\baseline_cake\lib\Cake\Routing\Dispatcher.php(110): Controller->render()
#3 D:\xampp\dev\baseline_cake\lib\Cake\Routing\Dispatcher.php(85): Dispatcher->_invoke(Object(PagesController), Object(CakeRequest), Object(CakeResponse))
#4 D:\xampp\dev\baseline_cake\app\webroot\index.php(96): Dispatcher->dispatch(Object(CakeRequest), Object(CakeResponse))
#5 {main}
2012-03-24 18:00:59 Error: [MissingActionException] Action PagesController::default() could not be found.
#0 D:\xampp\dev\baseline_cake\lib\Cake\Routing\Dispatcher.php(103): Controller->invokeAction(Object(CakeRequest))
#1 D:\xampp\dev\baseline_cake\lib\Cake\Routing\Dispatcher.php(85): Dispatcher->_invoke(Object(PagesController), Object(CakeRequest), Object(CakeResponse))
#2 D:\xampp\dev\baseline_cake\app\webroot\index.php(96): Dispatcher->dispatch(Object(CakeRequest), Object(CakeResponse))
#3 {main}
2012-03-24 18:01:47 Error: [MissingActionException] Action PagesController::default() could not be found.
#0 D:\xampp\dev\baseline_cake\lib\Cake\Routing\Dispatcher.php(103): Controller->invokeAction(Object(CakeRequest))
#1 D:\xampp\dev\baseline_cake\lib\Cake\Routing\Dispatcher.php(85): Dispatcher->_invoke(Object(PagesController), Object(CakeRequest), Object(CakeResponse))
#2 D:\xampp\dev\baseline_cake\app\webroot\index.php(96): Dispatcher->dispatch(Object(CakeRequest), Object(CakeResponse))
#3 {main}
2012-03-24 18:02:17 Error: [MissingActionException] Action PagesController::initialization() could not be found.
#0 D:\xampp\dev\baseline_cake\lib\Cake\Routing\Dispatcher.php(103): Controller->invokeAction(Object(CakeRequest))
#1 D:\xampp\dev\baseline_cake\lib\Cake\Routing\Dispatcher.php(85): Dispatcher->_invoke(Object(PagesController), Object(CakeRequest), Object(CakeResponse))
#2 D:\xampp\dev\baseline_cake\app\webroot\index.php(96): Dispatcher->dispatch(Object(CakeRequest), Object(CakeResponse))
#3 {main}
2012-03-25 20:08:07 Error: [MissingControllerException] Controller class MediaController could not be found.
#0 D:\xampp\dev\baseline_cake\app\webroot\index.php(96): Dispatcher->dispatch(Object(CakeRequest), Object(CakeResponse))
#1 {main}
2012-03-25 20:34:04 Error: [MissingViewException] View file "D:\xampp\dev\baseline_cake\app\View\Listings\featured_property.ctp" is missing.
#0 D:\xampp\dev\baseline_cake\lib\Cake\View\View.php(460): View->_getViewFileName(NULL)
#1 D:\xampp\dev\baseline_cake\lib\Cake\Controller\Controller.php(962): View->render(NULL, NULL)
#2 D:\xampp\dev\baseline_cake\lib\Cake\Routing\Dispatcher.php(110): Controller->render()
#3 D:\xampp\dev\baseline_cake\lib\Cake\Routing\Dispatcher.php(85): Dispatcher->_invoke(Object(ListingsController), Object(CakeRequest), Object(CakeResponse))
#4 D:\xampp\dev\baseline_cake\app\webroot\index.php(96): Dispatcher->dispatch(Object(CakeRequest), Object(CakeResponse))
#5 {main}
2012-03-26 00:32:59 Error: [MissingActionException] Action ListingsController::index() could not be found.
#0 D:\xampp\dev\baseline_cake\lib\Cake\Routing\Dispatcher.php(103): Controller->invokeAction(Object(CakeRequest))
#1 D:\xampp\dev\baseline_cake\lib\Cake\Routing\Dispatcher.php(85): Dispatcher->_invoke(Object(ListingsController), Object(CakeRequest), Object(CakeResponse))
#2 D:\xampp\dev\baseline_cake\app\webroot\index.php(96): Dispatcher->dispatch(Object(CakeRequest), Object(CakeResponse))
#3 {main}
2012-03-26 20:45:12 Error: [MissingActionException] Action PagesController::initialization() could not be found.
#0 D:\xampp\dev\baseline_cake\lib\Cake\Routing\Dispatcher.php(103): Controller->invokeAction(Object(CakeRequest))
#1 D:\xampp\dev\baseline_cake\lib\Cake\Routing\Dispatcher.php(85): Dispatcher->_invoke(Object(PagesController), Object(CakeRequest), Object(CakeResponse))
#2 D:\xampp\dev\baseline_cake\app\webroot\index.php(96): Dispatcher->dispatch(Object(CakeRequest), Object(CakeResponse))
#3 {main}
2012-03-26 20:47:10 Error: [MissingViewException] View file "D:\xampp\dev\baseline_cake\app\View\Pages\initializationimg\slideshow\slide1.jpg.ctp" is missing.
#0 D:\xampp\dev\baseline_cake\lib\Cake\View\View.php(460): View->_getViewFileName('initializationi...')
#1 D:\xampp\dev\baseline_cake\lib\Cake\Controller\Controller.php(962): View->render('initializationi...', NULL)
#2 D:\xampp\dev\baseline_cake\app\Controller\PagesController.php(80): Controller->render('initializationi...')
#3 [internal function]: PagesController->display('initializationi...', 'slideshow', 'slide1.jpg')
#4 D:\xampp\dev\baseline_cake\lib\Cake\Controller\Controller.php(488): ReflectionMethod->invokeArgs(Object(PagesController), Array)
#5 D:\xampp\dev\baseline_cake\lib\Cake\Routing\Dispatcher.php(103): Controller->invokeAction(Object(CakeRequest))
#6 D:\xampp\dev\baseline_cake\lib\Cake\Routing\Dispatcher.php(85): Dispatcher->_invoke(Object(PagesController), Object(CakeRequest), Object(CakeResponse))
#7 D:\xampp\dev\baseline_cake\app\webroot\index.php(96): Dispatcher->dispatch(Object(CakeRequest), Object(CakeResponse))
#8 {main}
2012-03-26 20:47:10 Error: [MissingViewException] View file "D:\xampp\dev\baseline_cake\app\View\Pages\initializationimg\slideshow\slide2.jpg.ctp" is missing.
#0 D:\xampp\dev\baseline_cake\lib\Cake\View\View.php(460): View->_getViewFileName('initializationi...')
#1 D:\xampp\dev\baseline_cake\lib\Cake\Controller\Controller.php(962): View->render('initializationi...', NULL)
#2 D:\xampp\dev\baseline_cake\app\Controller\PagesController.php(80): Controller->render('initializationi...')
#3 [internal function]: PagesController->display('initializationi...', 'slideshow', 'slide2.jpg')
#4 D:\xampp\dev\baseline_cake\lib\Cake\Controller\Controller.php(488): ReflectionMethod->invokeArgs(Object(PagesController), Array)
#5 D:\xampp\dev\baseline_cake\lib\Cake\Routing\Dispatcher.php(103): Controller->invokeAction(Object(CakeRequest))
#6 D:\xampp\dev\baseline_cake\lib\Cake\Routing\Dispatcher.php(85): Dispatcher->_invoke(Object(PagesController), Object(CakeRequest), Object(CakeResponse))
#7 D:\xampp\dev\baseline_cake\app\webroot\index.php(96): Dispatcher->dispatch(Object(CakeRequest), Object(CakeResponse))
#8 {main}
2012-03-26 20:47:10 Error: [MissingViewException] View file "D:\xampp\dev\baseline_cake\app\View\Pages\initializationimg\slideshow\slide4.jpg.ctp" is missing.
#0 D:\xampp\dev\baseline_cake\lib\Cake\View\View.php(460): View->_getViewFileName('initializationi...')
#1 D:\xampp\dev\baseline_cake\lib\Cake\Controller\Controller.php(962): View->render('initializationi...', NULL)
#2 D:\xampp\dev\baseline_cake\app\Controller\PagesController.php(80): Controller->render('initializationi...')
#3 [internal function]: PagesController->display('initializationi...', 'slideshow', 'slide4.jpg')
#4 D:\xampp\dev\baseline_cake\lib\Cake\Controller\Controller.php(488): ReflectionMethod->invokeArgs(Object(PagesController), Array)
#5 D:\xampp\dev\baseline_cake\lib\Cake\Routing\Dispatcher.php(103): Controller->invokeAction(Object(CakeRequest))
#6 D:\xampp\dev\baseline_cake\lib\Cake\Routing\Dispatcher.php(85): Dispatcher->_invoke(Object(PagesController), Object(CakeRequest), Object(CakeResponse))
#7 D:\xampp\dev\baseline_cake\app\webroot\index.php(96): Dispatcher->dispatch(Object(CakeRequest), Object(CakeResponse))
#8 {main}
2012-03-26 20:47:10 Error: [MissingViewException] View file "D:\xampp\dev\baseline_cake\app\View\Pages\initializationimg\slideshow\slide3.jpg.ctp" is missing.
#0 D:\xampp\dev\baseline_cake\lib\Cake\View\View.php(460): View->_getViewFileName('initializationi...')
#1 D:\xampp\dev\baseline_cake\lib\Cake\Controller\Controller.php(962): View->render('initializationi...', NULL)
#2 D:\xampp\dev\baseline_cake\app\Controller\PagesController.php(80): Controller->render('initializationi...')
#3 [internal function]: PagesController->display('initializationi...', 'slideshow', 'slide3.jpg')
#4 D:\xampp\dev\baseline_cake\lib\Cake\Controller\Controller.php(488): ReflectionMethod->invokeArgs(Object(PagesController), Array)
#5 D:\xampp\dev\baseline_cake\lib\Cake\Routing\Dispatcher.php(103): Controller->invokeAction(Object(CakeRequest))
#6 D:\xampp\dev\baseline_cake\lib\Cake\Routing\Dispatcher.php(85): Dispatcher->_invoke(Object(PagesController), Object(CakeRequest), Object(CakeResponse))
#7 D:\xampp\dev\baseline_cake\app\webroot\index.php(96): Dispatcher->dispatch(Object(CakeRequest), Object(CakeResponse))
#8 {main}
2012-03-26 20:48:00 Error: [MissingViewException] View file "D:\xampp\dev\baseline_cake\app\View\Pages\initializationimg\slideshow\slide1.jpg.ctp" is missing.
#0 D:\xampp\dev\baseline_cake\lib\Cake\View\View.php(460): View->_getViewFileName('initializationi...')
#1 D:\xampp\dev\baseline_cake\lib\Cake\Controller\Controller.php(962): View->render('initializationi...', NULL)
#2 D:\xampp\dev\baseline_cake\app\Controller\PagesController.php(80): Controller->render('initializationi...')
#3 [internal function]: PagesController->display('initializationi...', 'slideshow', 'slide1.jpg')
#4 D:\xampp\dev\baseline_cake\lib\Cake\Controller\Controller.php(488): ReflectionMethod->invokeArgs(Object(PagesController), Array)
#5 D:\xampp\dev\baseline_cake\lib\Cake\Routing\Dispatcher.php(103): Controller->invokeAction(Object(CakeRequest))
#6 D:\xampp\dev\baseline_cake\lib\Cake\Routing\Dispatcher.php(85): Dispatcher->_invoke(Object(PagesController), Object(CakeRequest), Object(CakeResponse))
#7 D:\xampp\dev\baseline_cake\app\webroot\index.php(96): Dispatcher->dispatch(Object(CakeRequest), Object(CakeResponse))
#8 {main}
2012-03-26 21:17:08 Error: [MissingActionException] Action PagesController::initialization() could not be found.
#0 D:\xampp\dev\baseline_cake\lib\Cake\Routing\Dispatcher.php(103): Controller->invokeAction(Object(CakeRequest))
#1 D:\xampp\dev\baseline_cake\lib\Cake\Routing\Dispatcher.php(85): Dispatcher->_invoke(Object(PagesController), Object(CakeRequest), Object(CakeResponse))
#2 D:\xampp\dev\baseline_cake\app\webroot\index.php(96): Dispatcher->dispatch(Object(CakeRequest), Object(CakeResponse))
#3 {main}
2012-03-26 21:17:24 Error: [MissingControllerException] Controller class Controller could not be found.
#0 D:\xampp\dev\baseline_cake\app\webroot\index.php(96): Dispatcher->dispatch(Object(CakeRequest), Object(CakeResponse))
#1 {main}
2012-03-26 21:17:36 Error: [MissingActionException] Action PagesController::() could not be found.
#0 D:\xampp\dev\baseline_cake\lib\Cake\Routing\Dispatcher.php(103): Controller->invokeAction(Object(CakeRequest))
#1 D:\xampp\dev\baseline_cake\lib\Cake\Routing\Dispatcher.php(85): Dispatcher->_invoke(Object(PagesController), Object(CakeRequest), Object(CakeResponse))
#2 D:\xampp\dev\baseline_cake\app\webroot\index.php(96): Dispatcher->dispatch(Object(CakeRequest), Object(CakeResponse))
#3 {main}
2012-03-26 21:17:37 Error: [MissingActionException] Action PagesController::() could not be found.
#0 D:\xampp\dev\baseline_cake\lib\Cake\Routing\Dispatcher.php(103): Controller->invokeAction(Object(CakeRequest))
#1 D:\xampp\dev\baseline_cake\lib\Cake\Routing\Dispatcher.php(85): Dispatcher->_invoke(Object(PagesController), Object(CakeRequest), Object(CakeResponse))
#2 D:\xampp\dev\baseline_cake\app\webroot\index.php(96): Dispatcher->dispatch(Object(CakeRequest), Object(CakeResponse))
#3 {main}
2012-03-26 23:09:30 Error: [PDOException] SQLSTATE[42S22]: Column not found: 1054 Unknown column 'Office.id' in 'on clause'
#0 D:\xampp\dev\baseline_cake\lib\Cake\Model\Datasource\DboSource.php(436): PDOStatement->execute(Array)
#1 D:\xampp\dev\baseline_cake\lib\Cake\Model\Datasource\DboSource.php(403): DboSource->_execute('SELECT `Listing...', Array)
#2 D:\xampp\dev\baseline_cake\lib\Cake\Model\Datasource\DboSource.php(646): DboSource->execute('SELECT `Listing...', Array, Array)
#3 D:\xampp\dev\baseline_cake\lib\Cake\Model\Datasource\DboSource.php(1057): DboSource->fetchAll('SELECT `Listing...', false)
#4 D:\xampp\dev\baseline_cake\lib\Cake\Model\Model.php(2635): DboSource->read(Object(Listing), Array)
#5 D:\xampp\dev\baseline_cake\app\Controller\PagesController.php(89): Model->find('all')
#6 [internal function]: PagesController->initialization()
#7 D:\xampp\dev\baseline_cake\lib\Cake\Controller\Controller.php(488): ReflectionMethod->invokeArgs(Object(PagesController), Array)
#8 D:\xampp\dev\baseline_cake\lib\Cake\Routing\Dispatcher.php(103): Controller->invokeAction(Object(CakeRequest))
#9 D:\xampp\dev\baseline_cake\lib\Cake\Routing\Dispatcher.php(85): Dispatcher->_invoke(Object(PagesController), Object(CakeRequest), Object(CakeResponse))
#10 D:\xampp\dev\baseline_cake\app\webroot\index.php(96): Dispatcher->dispatch(Object(CakeRequest), Object(CakeResponse))
#11 {main}
2012-03-26 23:09:35 Error: [PDOException] SQLSTATE[42S22]: Column not found: 1054 Unknown column 'Office.id' in 'on clause'
#0 D:\xampp\dev\baseline_cake\lib\Cake\Model\Datasource\DboSource.php(436): PDOStatement->execute(Array)
#1 D:\xampp\dev\baseline_cake\lib\Cake\Model\Datasource\DboSource.php(403): DboSource->_execute('SELECT `Listing...', Array)
#2 D:\xampp\dev\baseline_cake\lib\Cake\Model\Datasource\DboSource.php(646): DboSource->execute('SELECT `Listing...', Array, Array)
#3 D:\xampp\dev\baseline_cake\lib\Cake\Model\Datasource\DboSource.php(1057): DboSource->fetchAll('SELECT `Listing...', false)
#4 D:\xampp\dev\baseline_cake\lib\Cake\Model\Model.php(2635): DboSource->read(Object(Listing), Array)
#5 D:\xampp\dev\baseline_cake\app\Controller\PagesController.php(89): Model->find('all')
#6 [internal function]: PagesController->initialization()
#7 D:\xampp\dev\baseline_cake\lib\Cake\Controller\Controller.php(488): ReflectionMethod->invokeArgs(Object(PagesController), Array)
#8 D:\xampp\dev\baseline_cake\lib\Cake\Routing\Dispatcher.php(103): Controller->invokeAction(Object(CakeRequest))
#9 D:\xampp\dev\baseline_cake\lib\Cake\Routing\Dispatcher.php(85): Dispatcher->_invoke(Object(PagesController), Object(CakeRequest), Object(CakeResponse))
#10 D:\xampp\dev\baseline_cake\app\webroot\index.php(96): Dispatcher->dispatch(Object(CakeRequest), Object(CakeResponse))
#11 {main}
2012-03-26 23:48:18 Error: [PDOException] SQLSTATE[42S22]: Column not found: 1054 Unknown column 'Model.last_mod' in 'order clause'
#0 D:\xampp\dev\baseline_cake\lib\Cake\Model\Datasource\DboSource.php(436): PDOStatement->execute(Array)
#1 D:\xampp\dev\baseline_cake\lib\Cake\Model\Datasource\DboSource.php(403): DboSource->_execute('SELECT `Listing...', Array)
#2 D:\xampp\dev\baseline_cake\lib\Cake\Model\Datasource\DboSource.php(646): DboSource->execute('SELECT `Listing...', Array, Array)
#3 D:\xampp\dev\baseline_cake\lib\Cake\Model\Datasource\DboSource.php(1057): DboSource->fetchAll('SELECT `Listing...', false)
#4 D:\xampp\dev\baseline_cake\lib\Cake\Model\Model.php(2635): DboSource->read(Object(Listing), Array)
#5 D:\xampp\dev\baseline_cake\app\Controller\PagesController.php(94): Model->find('all', Array)
#6 [internal function]: PagesController->initialization()
#7 D:\xampp\dev\baseline_cake\lib\Cake\Controller\Controller.php(488): ReflectionMethod->invokeArgs(Object(PagesController), Array)
#8 D:\xampp\dev\baseline_cake\lib\Cake\Routing\Dispatcher.php(103): Controller->invokeAction(Object(CakeRequest))
#9 D:\xampp\dev\baseline_cake\lib\Cake\Routing\Dispatcher.php(85): Dispatcher->_invoke(Object(PagesController), Object(CakeRequest), Object(CakeResponse))
#10 D:\xampp\dev\baseline_cake\app\webroot\index.php(96): Dispatcher->dispatch(Object(CakeRequest), Object(CakeResponse))
#11 {main}
2012-03-26 23:59:54 Error: [PDOException] SQLSTATE[42S22]: Column not found: 1054 Unknown column 'Post.title' in 'where clause'
#0 D:\xampp\dev\baseline_cake\lib\Cake\Model\Datasource\DboSource.php(436): PDOStatement->execute(Array)
#1 D:\xampp\dev\baseline_cake\lib\Cake\Model\Datasource\DboSource.php(403): DboSource->_execute('SELECT `Listing...', Array)
#2 D:\xampp\dev\baseline_cake\lib\Cake\Model\Datasource\DboSource.php(646): DboSource->execute('SELECT `Listing...', Array, Array)
#3 D:\xampp\dev\baseline_cake\lib\Cake\Model\Datasource\DboSource.php(1057): DboSource->fetchAll('SELECT `Listing...', false)
#4 D:\xampp\dev\baseline_cake\lib\Cake\Model\Model.php(2635): DboSource->read(Object(Listing), Array)
#5 D:\xampp\dev\baseline_cake\app\Controller\PagesController.php(98): Model->find('all', Array)
#6 [internal function]: PagesController->initialization()
#7 D:\xampp\dev\baseline_cake\lib\Cake\Controller\Controller.php(488): ReflectionMethod->invokeArgs(Object(PagesController), Array)
#8 D:\xampp\dev\baseline_cake\lib\Cake\Routing\Dispatcher.php(103): Controller->invokeAction(Object(CakeRequest))
#9 D:\xampp\dev\baseline_cake\lib\Cake\Routing\Dispatcher.php(85): Dispatcher->_invoke(Object(PagesController), Object(CakeRequest), Object(CakeResponse))
#10 D:\xampp\dev\baseline_cake\app\webroot\index.php(96): Dispatcher->dispatch(Object(CakeRequest), Object(CakeResponse))
#11 {main}
2012-03-27 00:00:46 Error: [PDOException] SQLSTATE[42S22]: Column not found: 1054 Unknown column 'Post.title' in 'where clause'
#0 D:\xampp\dev\baseline_cake\lib\Cake\Model\Datasource\DboSource.php(436): PDOStatement->execute(Array)
#1 D:\xampp\dev\baseline_cake\lib\Cake\Model\Datasource\DboSource.php(403): DboSource->_execute('SELECT `Listing...', Array)
#2 D:\xampp\dev\baseline_cake\lib\Cake\Model\Datasource\DboSource.php(646): DboSource->execute('SELECT `Listing...', Array, Array)
#3 D:\xampp\dev\baseline_cake\lib\Cake\Model\Datasource\DboSource.php(1057): DboSource->fetchAll('SELECT `Listing...', false)
#4 D:\xampp\dev\baseline_cake\lib\Cake\Model\Model.php(2635): DboSource->read(Object(Listing), Array)
#5 D:\xampp\dev\baseline_cake\app\Controller\PagesController.php(99): Model->find('all', Array)
#6 [internal function]: PagesController->initialization()
#7 D:\xampp\dev\baseline_cake\lib\Cake\Controller\Controller.php(488): ReflectionMethod->invokeArgs(Object(PagesController), Array)
#8 D:\xampp\dev\baseline_cake\lib\Cake\Routing\Dispatcher.php(103): Controller->invokeAction(Object(CakeRequest))
#9 D:\xampp\dev\baseline_cake\lib\Cake\Routing\Dispatcher.php(85): Dispatcher->_invoke(Object(PagesController), Object(CakeRequest), Object(CakeResponse))
#10 D:\xampp\dev\baseline_cake\app\webroot\index.php(96): Dispatcher->dispatch(Object(CakeRequest), Object(CakeResponse))
#11 {main}
2012-03-27 00:00:52 Error: [PDOException] SQLSTATE[42S22]: Column not found: 1054 Unknown column 'Post.title' in 'where clause'
#0 D:\xampp\dev\baseline_cake\lib\Cake\Model\Datasource\DboSource.php(436): PDOStatement->execute(Array)
#1 D:\xampp\dev\baseline_cake\lib\Cake\Model\Datasource\DboSource.php(403): DboSource->_execute('SELECT `Listing...', Array)
#2 D:\xampp\dev\baseline_cake\lib\Cake\Model\Datasource\DboSource.php(646): DboSource->execute('SELECT `Listing...', Array, Array)
#3 D:\xampp\dev\baseline_cake\lib\Cake\Model\Datasource\DboSource.php(1057): DboSource->fetchAll('SELECT `Listing...', false)
#4 D:\xampp\dev\baseline_cake\lib\Cake\Model\Model.php(2635): DboSource->read(Object(Listing), Array)
#5 D:\xampp\dev\baseline_cake\app\Controller\PagesController.php(99): Model->find('all', Array)
#6 [internal function]: PagesController->initialization()
#7 D:\xampp\dev\baseline_cake\lib\Cake\Controller\Controller.php(488): ReflectionMethod->invokeArgs(Object(PagesController), Array)
#8 D:\xampp\dev\baseline_cake\lib\Cake\Routing\Dispatcher.php(103): Controller->invokeAction(Object(CakeRequest))
#9 D:\xampp\dev\baseline_cake\lib\Cake\Routing\Dispatcher.php(85): Dispatcher->_invoke(Object(PagesController), Object(CakeRequest), Object(CakeResponse))
#10 D:\xampp\dev\baseline_cake\app\webroot\index.php(96): Dispatcher->dispatch(Object(CakeRequest), Object(CakeResponse))
#11 {main}
2012-03-27 01:03:42 Error: [MissingControllerException] Controller class Lt-1-1P0040-m-rsa.jpgController could not be found.
#0 D:\xampp\dev\baseline_cake\app\webroot\index.php(96): Dispatcher->dispatch(Object(CakeRequest), Object(CakeResponse))
#1 {main}
2012-03-27 01:03:54 Error: [MissingControllerException] Controller class Lt-1-1P0040-m-rsa.jpgController could not be found.
#0 D:\xampp\dev\baseline_cake\app\webroot\index.php(96): Dispatcher->dispatch(Object(CakeRequest), Object(CakeResponse))
#1 {main}
2012-03-27 01:07:28 Error: [MissingControllerException] Controller class Lt-1-1P0040-m-rsa.jpgController could not be found.
#0 D:\xampp\dev\baseline_cake\app\webroot\index.php(96): Dispatcher->dispatch(Object(CakeRequest), Object(CakeResponse))
#1 {main}
2012-03-27 01:07:33 Error: [MissingControllerException] Controller class Lt-1-1P0040-m-rsa.jpgController could not be found.
#0 D:\xampp\dev\baseline_cake\app\webroot\index.php(96): Dispatcher->dispatch(Object(CakeRequest), Object(CakeResponse))
#1 {main}
2012-03-27 01:08:15 Error: [MissingControllerException] Controller class Lt-1-1P0040-m-rsa.jpgController could not be found.
#0 D:\xampp\dev\baseline_cake\app\webroot\index.php(96): Dispatcher->dispatch(Object(CakeRequest), Object(CakeResponse))
#1 {main}
2012-03-27 01:08:16 Error: [MissingControllerException] Controller class Lt-1-1P0040-m-rsa.jpgController could not be found.
#0 D:\xampp\dev\baseline_cake\app\webroot\index.php(96): Dispatcher->dispatch(Object(CakeRequest), Object(CakeResponse))
#1 {main}
2012-03-27 01:08:45 Error: [MissingControllerException] Controller class Lt-1-1P0040-m-rsa.jpgController could not be found.
#0 D:\xampp\dev\baseline_cake\app\webroot\index.php(96): Dispatcher->dispatch(Object(CakeRequest), Object(CakeResponse))
#1 {main}
2012-03-27 01:08:50 Error: [MissingControllerException] Controller class Lt-1-1P0040-m-rsa.jpgController could not be found.
#0 D:\xampp\dev\baseline_cake\app\webroot\index.php(96): Dispatcher->dispatch(Object(CakeRequest), Object(CakeResponse))
#1 {main}
2012-03-27 01:09:23 Error: [MissingControllerException] Controller class Meidlt-1-1P0040-m-rsa.jpgController could not be found.
#0 D:\xampp\dev\baseline_cake\app\webroot\index.php(96): Dispatcher->dispatch(Object(CakeRequest), Object(CakeResponse))
#1 {main}
2012-03-27 01:09:24 Error: [MissingControllerException] Controller class Medialt-1-1P0040-m-rsa.jpgController could not be found.
#0 D:\xampp\dev\baseline_cake\app\webroot\index.php(96): Dispatcher->dispatch(Object(CakeRequest), Object(CakeResponse))
#1 {main}
2012-03-27 01:09:25 Error: [MissingControllerException] Controller class MediaController could not be found.
#0 D:\xampp\dev\baseline_cake\app\webroot\index.php(96): Dispatcher->dispatch(Object(CakeRequest), Object(CakeResponse))
#1 {main}
2012-03-27 01:09:27 Error: [MissingControllerException] Controller class MediaController could not be found.
#0 D:\xampp\dev\baseline_cake\app\webroot\index.php(96): Dispatcher->dispatch(Object(CakeRequest), Object(CakeResponse))
#1 {main}
2012-03-27 01:09:29 Error: [MissingControllerException] Controller class MediaController could not be found.
#0 D:\xampp\dev\baseline_cake\app\webroot\index.php(96): Dispatcher->dispatch(Object(CakeRequest), Object(CakeResponse))
#1 {main}
2012-03-27 01:09:32 Error: [MissingControllerException] Controller class MediaController could not be found.
#0 D:\xampp\dev\baseline_cake\app\webroot\index.php(96): Dispatcher->dispatch(Object(CakeRequest), Object(CakeResponse))
#1 {main}
2012-03-27 01:09:37 Error: [MissingControllerException] Controller class MediaController could not be found.
#0 D:\xampp\dev\baseline_cake\app\webroot\index.php(96): Dispatcher->dispatch(Object(CakeRequest), Object(CakeResponse))
#1 {main}
2012-03-27 01:11:24 Error: [MissingControllerException] Controller class Lt-1-1P0040-m-rsa.jpgController could not be found.
#0 D:\xampp\dev\baseline_cake\app\webroot\index.php(96): Dispatcher->dispatch(Object(CakeRequest), Object(CakeResponse))
#1 {main}
2012-03-27 01:11:28 Error: [MissingControllerException] Controller class Lt-1-1P0040-m-rsa.jpgController could not be found.
#0 D:\xampp\dev\baseline_cake\app\webroot\index.php(96): Dispatcher->dispatch(Object(CakeRequest), Object(CakeResponse))
#1 {main}
2012-03-27 01:14:03 Error: [MissingControllerException] Controller class Lt-1-1P0040-m-rsa.jpgController could not be found.
#0 D:\xampp\dev\baseline_cake\app\webroot\index.php(96): Dispatcher->dispatch(Object(CakeRequest), Object(CakeResponse))
#1 {main}
2012-03-27 01:14:06 Error: [MissingControllerException] Controller class Lt-1-1P0040-m-rsa.jpgController could not be found.
#0 D:\xampp\dev\baseline_cake\app\webroot\index.php(96): Dispatcher->dispatch(Object(CakeRequest), Object(CakeResponse))
#1 {main}
2012-03-27 01:15:16 Error: [MissingControllerException] Controller class Lt-1-1P0040-m-rsa.jpgController could not be found.
#0 D:\xampp\dev\baseline_cake\app\webroot\index.php(96): Dispatcher->dispatch(Object(CakeRequest), Object(CakeResponse))
#1 {main}
2012-03-27 01:18:24 Error: [MissingControllerException] Controller class MediaController could not be found.
#0 D:\xampp\dev\baseline_cake\app\webroot\index.php(96): Dispatcher->dispatch(Object(CakeRequest), Object(CakeResponse))
#1 {main}
2012-03-27 01:18:28 Error: [MissingControllerException] Controller class MediaController could not be found.
#0 D:\xampp\dev\baseline_cake\app\webroot\index.php(96): Dispatcher->dispatch(Object(CakeRequest), Object(CakeResponse))
#1 {main}
2012-03-27 01:19:45 Error: [MissingControllerException] Controller class MediaController could not be found.
#0 D:\xampp\dev\baseline_cake\app\webroot\index.php(96): Dispatcher->dispatch(Object(CakeRequest), Object(CakeResponse))
#1 {main}
